# To display the perf.data header info, please use --header/--header-only options.
#
#
# Total Lost Samples: 0
#
# Samples: 2K of event 'cpu/cycles/Pu'
# Event count (approx.): 57646392573
#
# Overhead  Command  Shared Object         Symbol                                                                                                                          
# ........  .......  ....................  ................................................................................................................................
#
    82.16%  bench    bench                 [.] jpeg_engine::idct::idct_2d
            |          
             --82.11%--jpeg_engine::idct::idct_2d
                       |          
                       |--63.90%--rayon::iter::plumbing::bridge_producer_consumer::helper
                       |          
                        --17.77%--idct_2d_batch

     9.40%  bench    libc.so.6             [.] __memmove_avx_unaligned_erms
            |
            ---__memmove_avx_unaligned_erms
               NEO::CommandQueueHw<NEO::Gen9Family>::enqueueWriteBuffer(NEO::Buffer*, unsigned int, unsigned long, unsigned long, void const*, NEO::GraphicsAllocation*, unsigned int, _cl_event* const*, _cl_event**)
               clEnqueueWriteBuffer
               clEnqueueWriteBuffer
               ocl::standard::buffer::BufferWriteCmd<T>::enq::{{closure}}
               add_history



#
# (Tip: Treat branches as callchains: perf record -b ... ; perf report --branch-history)
#
